Log: Log file open, 08/03/24 21:31:14
Init: WinSock: version 1.1 (2.2), MaxSocks=32767, MaxUdp=65467
Log:  ... running in INSTALLED mode
DevConfig: GConfig::Find has loaded file:  ..\..\Engine\Config\ConsoleVariables.ini
Init: Version: 12046
Init: Compiled (64-bit - Shipping): Apr 29 2014 14:14:59
Init: Changelist: 22533
Init: Command line: -installed -seekfreeloadingpcconsole
Init: Base directory: C:\Program Files (x86)\Steam\steamapps\common\Outlast\Binaries\Win64\
Init: Executable: OLGame
[0000.64] Log: Deleting old log file Launch-backup-2024.07.24-15.32.59.log
[0000.64] Log: Deleting old log file Launch-backup-2024.07.24-15.41.50.log
[0000.65] Log: Deleting old log file Launch-backup-2024.07.24-17.35.15.log
[0000.66] Log: Deleting old log file Launch-backup-2024.07.24-19.17.13.log
[0000.67] Log: Deleting old log file Launch-backup-2024.08.03-21.31.14.log
[0000.67] Init: Computer: CHUX05
[0000.67] Init: User: jmoct
[0000.67] Init: CPU Page size=4096, Processors=8
[0000.67] Init: High frequency timer resolution =10.000000 MHz
[0000.67] Init: Memory total: Physical=15.8GB (15GB approx) Pagefile=16.8GB Virtual=131072.0GB
[0000.75] Log: Steam Client API initialized 1
[0001.32] Log: Steam Game Server API initialized 1
[0001.32] Init: Presizing for 33476 objects not considered by GC, pre-allocating 0 bytes.
[0001.32] Init: Object subsystem initialized
[0001.37] Log: CachePaths() took 0.02 Seconds
[0001.42] Log: Using D3D9 device (0): NVIDIA GeForce GTX 1650
[0001.42] Log: Shader platform (RHI): PC-D3D-SM3
[0001.50] Log: PhysX GPU Support: DISABLED
[0004.91] Log: 60396 objects as part of root set at end of initial load.
[0004.91] Log: 0 out of 0 bytes used by permanent object pool.
[0004.91] Log: Initializing Engine...
[0004.93] Log: Wwise(R) SDK Version 2013.2.3 Build 4833. Copyright (c) 2006-2012 Audiokinetic Inc. / All Rights Reserved.
[0006.01] Log: Initializing Steamworks
[0006.03] Log: Logged in as 'chuxo2039'
[0006.08] Warning: Warning, Failed to load 'Class None.': Failed to find object 'Class None.'
[0006.08] Warning: Warning, Failed to find object 'Class None.'
[0006.08] Warning: Warning, Failed to load 'Class None.': Failed to find object 'Class None.'
[0006.08] Warning: Warning, Failed to find object 'Class None.'
[0006.08] Warning: Warning, Failed to load 'Class None.': Failed to find object 'Class None.'
[0006.08] Warning: Warning, Failed to find object 'Class None.'
[0006.08] Warning: Warning, Failed to load 'Class None.': Failed to find object 'Class None.'
[0006.08] Warning: Warning, Failed to find object 'Class None.'
[0006.09] Log: Found DLC CookedPCConsoleDLC
[0006.13] Log:  - Found 153 package files
[0006.15] Log:  - Found 198 content files
[0006.15] Log: Loading guid cache GuidCache_dlc1
[0006.18] DevDlc: Caching file: SB_DLC_VO_AI_Cannibal/..\..\OLGame\CookedPCConsoleDLC\English(US)\SB_DLC_VO_AI_Cannibal.bnk
[0006.18] DevDlc: Caching file: SB_DLC_VO_AI_Cannibal/..\..\OLGame\CookedPCConsoleDLC\English(US)\SB_DLC_VO_AI_Cannibal.txt
[0006.18] DevDlc: Caching file: SB_DLC_VO_AI_DDenis/..\..\OLGame\CookedPCConsoleDLC\English(US)\SB_DLC_VO_AI_DDenis.bnk
[0006.18] DevDlc: Caching file: SB_DLC_VO_AI_DDenis/..\..\OLGame\CookedPCConsoleDLC\English(US)\SB_DLC_VO_AI_DDenis.txt
[0006.18] DevDlc: Caching file: SB_DLC_VO_AI_Groom/..\..\OLGame\CookedPCConsoleDLC\English(US)\SB_DLC_VO_AI_Groom.bnk
[0006.18] DevDlc: Caching file: SB_DLC_VO_AI_Groom/..\..\OLGame\CookedPCConsoleDLC\English(US)\SB_DLC_VO_AI_Groom.txt
[0006.18] DevDlc: Caching file: SB_DLC_VO_AI_PATMANIC/..\..\OLGame\CookedPCConsoleDLC\English(US)\SB_DLC_VO_AI_PATMANIC.bnk
[0006.18] DevDlc: Caching file: SB_DLC_VO_AI_PATMANIC/..\..\OLGame\CookedPCConsoleDLC\English(US)\SB_DLC_VO_AI_PATMANIC.txt
[0006.18] DevDlc: Caching file: SB_DLC_VO_AI_PATSOCIO/..\..\OLGame\CookedPCConsoleDLC\English(US)\SB_DLC_VO_AI_PATSOCIO.bnk
[0006.18] DevDlc: Caching file: SB_DLC_VO_AI_PATSOCIO/..\..\OLGame\CookedPCConsoleDLC\English(US)\SB_DLC_VO_AI_PATSOCIO.txt
[0006.18] DevDlc: Caching file: SB_DLC_VO_AI_PATTERR/..\..\OLGame\CookedPCConsoleDLC\English(US)\SB_DLC_VO_AI_PATTERR.bnk
[0006.18] DevDlc: Caching file: SB_DLC_VO_AI_PATTERR/..\..\OLGame\CookedPCConsoleDLC\English(US)\SB_DLC_VO_AI_PATTERR.txt
[0006.18] DevDlc: Caching file: SB_DLC_VO_AI_SCICALM/..\..\OLGame\CookedPCConsoleDLC\English(US)\SB_DLC_VO_AI_SCICALM.bnk
[0006.18] DevDlc: Caching file: SB_DLC_VO_AI_SCICALM/..\..\OLGame\CookedPCConsoleDLC\English(US)\SB_DLC_VO_AI_SCICALM.txt
[0006.18] DevDlc: Caching file: SB_DLC_VO_AI_SCITERRI/..\..\OLGame\CookedPCConsoleDLC\English(US)\SB_DLC_VO_AI_SCITERRI.bnk
[0006.18] DevDlc: Caching file: SB_DLC_VO_AI_SCITERRI/..\..\OLGame\CookedPCConsoleDLC\English(US)\SB_DLC_VO_AI_SCITERRI.txt
[0006.18] DevDlc: Caching file: SB_DLC_VO_SE_Blaire_AdminRev/..\..\OLGame\CookedPCConsoleDLC\English(US)\SB_DLC_VO_SE_Blaire_AdminRev.bnk
[0006.18] DevDlc: Caching file: SB_DLC_VO_SE_Blaire_AdminRev/..\..\OLGame\CookedPCConsoleDLC\English(US)\SB_DLC_VO_SE_Blaire_AdminRev.txt
[0006.18] DevDlc: Caching file: SB_DLC_VO_SE_Blaire_Lab/..\..\OLGame\CookedPCConsoleDLC\English(US)\SB_DLC_VO_SE_Blaire_Lab.bnk
[0006.18] DevDlc: Caching file: SB_DLC_VO_SE_Blaire_Lab/..\..\OLGame\CookedPCConsoleDLC\English(US)\SB_DLC_VO_SE_Blaire_Lab.txt
[0006.18] DevDlc: Caching file: SB_DLC_VO_SE_Blaire_Prison/..\..\OLGame\CookedPCConsoleDLC\English(US)\SB_DLC_VO_SE_Blaire_Prison.bnk
[0006.18] DevDlc: Caching file: SB_DLC_VO_SE_Blaire_Prison/..\..\OLGame\CookedPCConsoleDLC\English(US)\SB_DLC_VO_SE_Blaire_Prison.txt
[0006.18] DevDlc: Caching file: SB_DLC_VO_SE_Cannibal_Build1/..\..\OLGame\CookedPCConsoleDLC\English(US)\SB_DLC_VO_SE_Cannibal_Build1.bnk
[0006.18] DevDlc: Caching file: SB_DLC_VO_SE_Cannibal_Build1/..\..\OLGame\CookedPCConsoleDLC\English(US)\SB_DLC_VO_SE_Cannibal_Build1.txt
[0006.18] DevDlc: Caching file: SB_DLC_VO_SE_DDenis_Attic/..\..\OLGame\CookedPCConsoleDLC\English(US)\SB_DLC_VO_SE_DDenis_Attic.bnk
[0006.18] DevDlc: Caching file: SB_DLC_VO_SE_DDenis_Attic/..\..\OLGame\CookedPCConsoleDLC\English(US)\SB_DLC_VO_SE_DDenis_Attic.txt
[0006.18] DevDlc: Caching file: SB_DLC_VO_SE_FMartin/..\..\OLGame\CookedPCConsoleDLC\English(US)\SB_DLC_VO_SE_FMartin.bnk
[0006.18] DevDlc: Caching file: SB_DLC_VO_SE_FMartin/..\..\OLGame\CookedPCConsoleDLC\English(US)\SB_DLC_VO_SE_FMartin.txt
[0006.18] DevDlc: Caching file: SB_DLC_VO_SE_Groom_Build2/..\..\OLGame\CookedPCConsoleDLC\English(US)\SB_DLC_VO_SE_Groom_Build2.bnk
[0006.18] DevDlc: Caching file: SB_DLC_VO_SE_Groom_Build2/..\..\OLGame\CookedPCConsoleDLC\English(US)\SB_DLC_VO_SE_Groom_Build2.txt
[0006.18] DevDlc: Caching file: SB_DLC_VO_SE_Groom_Lab/..\..\OLGame\CookedPCConsoleDLC\English(US)\SB_DLC_VO_SE_Groom_Lab.bnk
[0006.18] DevDlc: Caching file: SB_DLC_VO_SE_Groom_Lab/..\..\OLGame\CookedPCConsoleDLC\English(US)\SB_DLC_VO_SE_Groom_Lab.txt
[0006.18] DevDlc: Caching file: SB_DLC_VO_SE_Guard_AdminRev/..\..\OLGame\CookedPCConsoleDLC\English(US)\SB_DLC_VO_SE_Guard_AdminRev.bnk
[0006.18] DevDlc: Caching file: SB_DLC_VO_SE_Guard_AdminRev/..\..\OLGame\CookedPCConsoleDLC\English(US)\SB_DLC_VO_SE_Guard_AdminRev.txt
[0006.18] DevDlc: Caching file: SB_DLC_VO_SE_Guard_Build1/..\..\OLGame\CookedPCConsoleDLC\English(US)\SB_DLC_VO_SE_Guard_Build1.bnk
[0006.18] DevDlc: Caching file: SB_DLC_VO_SE_Guard_Build1/..\..\OLGame\CookedPCConsoleDLC\English(US)\SB_DLC_VO_SE_Guard_Build1.txt
[0006.18] DevDlc: Caching file: SB_DLC_VO_SE_Guard_Lab/..\..\OLGame\CookedPCConsoleDLC\English(US)\SB_DLC_VO_SE_Guard_Lab.bnk
[0006.18] DevDlc: Caching file: SB_DLC_VO_SE_Guard_Lab/..\..\OLGame\CookedPCConsoleDLC\English(US)\SB_DLC_VO_SE_Guard_Lab.txt
[0006.18] DevDlc: Caching file: SB_DLC_VO_SE_Guard_MaleWard/..\..\OLGame\CookedPCConsoleDLC\English(US)\SB_DLC_VO_SE_Guard_MaleWard.bnk
[0006.18] DevDlc: Caching file: SB_DLC_VO_SE_Guard_MaleWard/..\..\OLGame\CookedPCConsoleDLC\English(US)\SB_DLC_VO_SE_Guard_MaleWard.txt
[0006.18] DevDlc: Caching file: SB_DLC_VO_SE_Guard_PrisonRev/..\..\OLGame\CookedPCConsoleDLC\English(US)\SB_DLC_VO_SE_Guard_PrisonRev.bnk
[0006.18] DevDlc: Caching file: SB_DLC_VO_SE_Guard_PrisonRev/..\..\OLGame\CookedPCConsoleDLC\English(US)\SB_DLC_VO_SE_Guard_PrisonRev.txt
[0006.18] DevDlc: Caching file: SB_DLC_VO_SE_Julian/..\..\OLGame\CookedPCConsoleDLC\English(US)\SB_DLC_VO_SE_Julian.bnk
[0006.18] DevDlc: Caching file: SB_DLC_VO_SE_Julian/..\..\OLGame\CookedPCConsoleDLC\English(US)\SB_DLC_VO_SE_Julian.txt
[0006.18] DevDlc: Caching file: SB_DLC_VO_SE_Patients_Build1/..\..\OLGame\CookedPCConsoleDLC\English(US)\SB_DLC_VO_SE_Patients_Build1.bnk
[0006.18] DevDlc: Caching file: SB_DLC_VO_SE_Patients_Build1/..\..\OLGame\CookedPCConsoleDLC\English(US)\SB_DLC_VO_SE_Patients_Build1.txt
[0006.18] DevDlc: Caching file: SB_DLC_VO_SE_Patients_Build2/..\..\OLGame\CookedPCConsoleDLC\English(US)\SB_DLC_VO_SE_Patients_Build2.bnk
[0006.18] DevDlc: Caching file: SB_DLC_VO_SE_Patients_Build2/..\..\OLGame\CookedPCConsoleDLC\English(US)\SB_DLC_VO_SE_Patients_Build2.txt
[0006.18] DevDlc: Caching file: SB_DLC_VO_SE_Patients_PrisonRev/..\..\OLGame\CookedPCConsoleDLC\English(US)\SB_DLC_VO_SE_Patients_PrisonRev.bnk
[0006.18] DevDlc: Caching file: SB_DLC_VO_SE_Patients_PrisonRev/..\..\OLGame\CookedPCConsoleDLC\English(US)\SB_DLC_VO_SE_Patients_PrisonRev.txt
[0006.18] DevDlc: Caching file: SB_DLC_VO_SE_SCI_Build1/..\..\OLGame\CookedPCConsoleDLC\English(US)\SB_DLC_VO_SE_SCI_Build1.bnk
[0006.18] DevDlc: Caching file: SB_DLC_VO_SE_SCI_Build1/..\..\OLGame\CookedPCConsoleDLC\English(US)\SB_DLC_VO_SE_SCI_Build1.txt
[0006.18] DevDlc: Caching file: SB_DLC_VO_SE_SCI_Build2/..\..\OLGame\CookedPCConsoleDLC\English(US)\SB_DLC_VO_SE_SCI_Build2.bnk
[0006.18] DevDlc: Caching file: SB_DLC_VO_SE_SCI_Build2/..\..\OLGame\CookedPCConsoleDLC\English(US)\SB_DLC_VO_SE_SCI_Build2.txt
[0006.18] DevDlc: Caching file: SB_DLC_VO_SE_SCI_Lab/..\..\OLGame\CookedPCConsoleDLC\English(US)\SB_DLC_VO_SE_SCI_Lab.bnk
[0006.18] DevDlc: Caching file: SB_DLC_VO_SE_SCI_Lab/..\..\OLGame\CookedPCConsoleDLC\English(US)\SB_DLC_VO_SE_SCI_Lab.txt
[0006.18] DevDlc: Caching file: WwiseDefaultBank_Amb_Interior_01/..\..\OLGame\CookedPCConsoleDLC\English(US)\WwiseDefaultBank_Amb_Interior_01.txt
[0006.18] DevDlc: Caching file: WwiseDefaultBank_VO_ACT1_Various/..\..\OLGame\CookedPCConsoleDLC\English(US)\WwiseDefaultBank_VO_ACT1_Various.bnk
[0006.18] DevDlc: Caching file: WwiseDefaultBank_VO_ACT1_Various/..\..\OLGame\CookedPCConsoleDLC\English(US)\WwiseDefaultBank_VO_ACT1_Various.txt
[0006.18] DevDlc: Caching file: WwiseDefaultBank_VO_ACT3_Various/..\..\OLGame\CookedPCConsoleDLC\English(US)\WwiseDefaultBank_VO_ACT3_Various.bnk
[0006.18] DevDlc: Caching file: WwiseDefaultBank_VO_ACT3_Various/..\..\OLGame\CookedPCConsoleDLC\English(US)\WwiseDefaultBank_VO_ACT3_Various.txt
[0006.18] DevDlc: Caching file: WwiseDefaultBank_VO_Patient_Admin_Block_2/..\..\OLGame\CookedPCConsoleDLC\English(US)\WwiseDefaultBank_VO_Patient_Admin_Block_2.bnk
[0006.18] DevDlc: Caching file: WwiseDefaultBank_VO_Patient_Admin_Block_2/..\..\OLGame\CookedPCConsoleDLC\English(US)\WwiseDefaultBank_VO_Patient_Admin_Block_2.txt
[0006.18] DevDlc: Caching file: WwiseDefaultBank_VO_Patient_AI/..\..\OLGame\CookedPCConsoleDLC\English(US)\WwiseDefaultBank_VO_Patient_AI.bnk
[0006.18] DevDlc: Caching file: WwiseDefaultBank_VO_Patient_AI/..\..\OLGame\CookedPCConsoleDLC\English(US)\WwiseDefaultBank_VO_Patient_AI.txt
[0006.18] DevDlc: Caching file: WwiseDefaultBank_VO_Patient_Ext_Courtyard/..\..\OLGame\CookedPCConsoleDLC\English(US)\WwiseDefaultBank_VO_Patient_Ext_Courtyard.bnk
[0006.18] DevDlc: Caching file: WwiseDefaultBank_VO_Patient_Ext_Courtyard/..\..\OLGame\CookedPCConsoleDLC\English(US)\WwiseDefaultBank_VO_Patient_Ext_Courtyard.txt
[0006.18] DevDlc: Caching file: WwiseDefaultBank_VO_Patient_Female_Ward/..\..\OLGame\CookedPCConsoleDLC\English(US)\WwiseDefaultBank_VO_Patient_Female_Ward.bnk
[0006.18] DevDlc: Caching file: WwiseDefaultBank_VO_Patient_Female_Ward/..\..\OLGame\CookedPCConsoleDLC\English(US)\WwiseDefaultBank_VO_Patient_Female_Ward.txt
[0006.18] DevDlc: Caching file: WwiseDefaultBank_VO_Patient_Male_Ward_Bsmt/..\..\OLGame\CookedPCConsoleDLC\English(US)\WwiseDefaultBank_VO_Patient_Male_Ward_Bsmt.bnk
[0006.18] DevDlc: Caching file: WwiseDefaultBank_VO_Patient_Male_Ward_Bsmt/..\..\OLGame\CookedPCConsoleDLC\English(US)\WwiseDefaultBank_VO_Patient_Male_Ward_Bsmt.txt
[0006.18] DevDlc: Caching file: WwiseDefaultBank_VO_Patient_Male_Ward_Up_Lvls/..\..\OLGame\CookedPCConsoleDLC\English(US)\WwiseDefaultBank_VO_Patient_Male_Ward_Up_Lvls.bnk
[0006.18] DevDlc: Caching file: WwiseDefaultBank_VO_Patient_Male_Ward_Up_Lvls/..\..\OLGame\CookedPCConsoleDLC\English(US)\WwiseDefaultBank_VO_Patient_Male_Ward_Up_Lvls.txt
[0006.18] DevDlc: Caching file: WwiseDefaultBank_VO_Patient_Prison/..\..\OLGame\CookedPCConsoleDLC\English(US)\WwiseDefaultBank_VO_Patient_Prison.bnk
[0006.18] DevDlc: Caching file: WwiseDefaultBank_VO_Patient_Prison/..\..\OLGame\CookedPCConsoleDLC\English(US)\WwiseDefaultBank_VO_Patient_Prison.txt
[0006.18] DevDlc: Caching file: WwiseDefaultBank_VO_Patient_Sewers/..\..\OLGame\CookedPCConsoleDLC\English(US)\WwiseDefaultBank_VO_Patient_Sewers.bnk
[0006.18] DevDlc: Caching file: WwiseDefaultBank_VO_Patient_Sewers/..\..\OLGame\CookedPCConsoleDLC\English(US)\WwiseDefaultBank_VO_Patient_Sewers.txt
[0006.18] DevDlc: Caching file: WwiseDefaultBank_VO_Priest/..\..\OLGame\CookedPCConsoleDLC\English(US)\WwiseDefaultBank_VO_Priest.bnk
[0006.18] DevDlc: Caching file: WwiseDefaultBank_VO_Priest/..\..\OLGame\CookedPCConsoleDLC\English(US)\WwiseDefaultBank_VO_Priest.txt
[0006.18] DevDlc: Caching file: WwiseDefaultBank_VO_Soldier/..\..\OLGame\CookedPCConsoleDLC\English(US)\WwiseDefaultBank_VO_Soldier.bnk
[0006.18] DevDlc: Caching file: WwiseDefaultBank_VO_Soldier/..\..\OLGame\CookedPCConsoleDLC\English(US)\WwiseDefaultBank_VO_Soldier.txt
[0006.18] DevDlc: Caching file: WwiseDefaultBank_VO_Surgeon/..\..\OLGame\CookedPCConsoleDLC\English(US)\WwiseDefaultBank_VO_Surgeon.bnk
[0006.18] DevDlc: Caching file: WwiseDefaultBank_VO_Surgeon/..\..\OLGame\CookedPCConsoleDLC\English(US)\WwiseDefaultBank_VO_Surgeon.txt
[0006.18] DevDlc: Caching file: CharTextures_dlc1/..\..\OLGame\CookedPCConsoleDLC\CharTextures_dlc1.tfc
[0006.18] DevDlc: Caching file: GlobalShaderCache-PC-D3D-SM3/..\..\OLGame\CookedPCConsoleDLC\GlobalShaderCache-PC-D3D-SM3.bin
[0006.18] DevDlc: Caching file: Init/..\..\OLGame\CookedPCConsoleDLC\Init.bnk
[0006.18] DevDlc: Caching file: Init/..\..\OLGame\CookedPCConsoleDLC\Init.txt
[0006.18] DevDlc: Caching file: Lighting_dlc1/..\..\OLGame\CookedPCConsoleDLC\Lighting_dlc1.tfc
[0006.18] DevDlc: Caching file: PersistentCookerShaderData/..\..\OLGame\CookedPCConsoleDLC\PersistentCookerShaderData.bin
[0006.18] DevDlc: Caching file: PluginInfo/..\..\OLGame\CookedPCConsoleDLC\PluginInfo.xml
[0006.18] DevDlc: Caching file: SB_DLC_MU_AdminRev/..\..\OLGame\CookedPCConsoleDLC\SB_DLC_MU_AdminRev.bnk
[0006.18] DevDlc: Caching file: SB_DLC_MU_AdminRev/..\..\OLGame\CookedPCConsoleDLC\SB_DLC_MU_AdminRev.txt
[0006.18] DevDlc: Caching file: SB_DLC_MU_build1/..\..\OLGame\CookedPCConsoleDLC\SB_DLC_MU_build1.bnk
[0006.18] DevDlc: Caching file: SB_DLC_MU_build1/..\..\OLGame\CookedPCConsoleDLC\SB_DLC_MU_build1.txt
[0006.18] DevDlc: Caching file: SB_DLC_MU_Build2/..\..\OLGame\CookedPCConsoleDLC\SB_DLC_MU_Build2.bnk
[0006.18] DevDlc: Caching file: SB_DLC_MU_Build2/..\..\OLGame\CookedPCConsoleDLC\SB_DLC_MU_Build2.txt
[0006.18] DevDlc: Caching file: SB_DLC_MU_Denis/..\..\OLGame\CookedPCConsoleDLC\SB_DLC_MU_Denis.bnk
[0006.18] DevDlc: Caching file: SB_DLC_MU_Denis/..\..\OLGame\CookedPCConsoleDLC\SB_DLC_MU_Denis.txt
[0006.18] DevDlc: Caching file: SB_DLC_MU_Groom/..\..\OLGame\CookedPCConsoleDLC\SB_DLC_MU_Groom.bnk
[0006.18] DevDlc: Caching file: SB_DLC_MU_Groom/..\..\OLGame\CookedPCConsoleDLC\SB_DLC_MU_Groom.txt
[0006.18] DevDlc: Caching file: SB_DLC_MU_Maleward/..\..\OLGame\CookedPCConsoleDLC\SB_DLC_MU_Maleward.bnk
[0006.18] DevDlc: Caching file: SB_DLC_MU_Maleward/..\..\OLGame\CookedPCConsoleDLC\SB_DLC_MU_Maleward.txt
[0006.18] DevDlc: Caching file: SB_DLC_MU_Prison/..\..\OLGame\CookedPCConsoleDLC\SB_DLC_MU_Prison.bnk
[0006.18] DevDlc: Caching file: SB_DLC_MU_Prison/..\..\OLGame\CookedPCConsoleDLC\SB_DLC_MU_Prison.txt
[0006.18] DevDlc: Caching file: SB_DLC_MU_Stingers/..\..\OLGame\CookedPCConsoleDLC\SB_DLC_MU_Stingers.bnk
[0006.18] DevDlc: Caching file: SB_DLC_MU_Stingers/..\..\OLGame\CookedPCConsoleDLC\SB_DLC_MU_Stingers.txt
[0006.18] DevDlc: Caching file: SB_DLC_States/..\..\OLGame\CookedPCConsoleDLC\SB_DLC_States.bnk
[0006.18] DevDlc: Caching file: SB_DLC_States/..\..\OLGame\CookedPCConsoleDLC\SB_DLC_States.txt
[0006.18] DevDlc: Caching file: SoundbanksInfo/..\..\OLGame\CookedPCConsoleDLC\SoundbanksInfo.xml
[0006.18] DevDlc: Caching file: Textures_dlc1/..\..\OLGame\CookedPCConsoleDLC\Textures_dlc1.tfc
[0006.18] DevDlc: Caching file: WwiseDefaultBank_Amb_Basement/..\..\OLGame\CookedPCConsoleDLC\WwiseDefaultBank_Amb_Basement.bnk
[0006.18] DevDlc: Caching file: WwiseDefaultBank_Amb_Basement/..\..\OLGame\CookedPCConsoleDLC\WwiseDefaultBank_Amb_Basement.txt
[0006.18] DevDlc: Caching file: WwiseDefaultBank_Amb_Courtyard/..\..\OLGame\CookedPCConsoleDLC\WwiseDefaultBank_Amb_Courtyard.bnk
[0006.18] DevDlc: Caching file: WwiseDefaultBank_Amb_Courtyard/..\..\OLGame\CookedPCConsoleDLC\WwiseDefaultBank_Amb_Courtyard.txt
[0006.18] DevDlc: Caching file: WwiseDefaultBank_Amb_Exterior/..\..\OLGame\CookedPCConsoleDLC\WwiseDefaultBank_Amb_Exterior.bnk
[0006.18] DevDlc: Caching file: WwiseDefaultBank_Amb_Exterior/..\..\OLGame\CookedPCConsoleDLC\WwiseDefaultBank_Amb_Exterior.txt
[0006.18] DevDlc: Caching file: WwiseDefaultBank_Amb_FemaleWard/..\..\OLGame\CookedPCConsoleDLC\WwiseDefaultBank_Amb_FemaleWard.bnk
[0006.18] DevDlc: Caching file: WwiseDefaultBank_Amb_FemaleWard/..\..\OLGame\CookedPCConsoleDLC\WwiseDefaultBank_Amb_FemaleWard.txt
[0006.18] DevDlc: Caching file: WwiseDefaultBank_Amb_Generic/..\..\OLGame\CookedPCConsoleDLC\WwiseDefaultBank_Amb_Generic.bnk
[0006.18] DevDlc: Caching file: WwiseDefaultBank_Amb_Generic/..\..\OLGame\CookedPCConsoleDLC\WwiseDefaultBank_Amb_Generic.txt
[0006.18] DevDlc: Caching file: WwiseDefaultBank_Amb_Interior_01/..\..\OLGame\CookedPCConsoleDLC\WwiseDefaultBank_Amb_Interior_01.bnk
[0006.18] DevDlc: Caching file: WwiseDefaultBank_Amb_Interior_01/..\..\OLGame\CookedPCConsoleDLC\WwiseDefaultBank_Amb_Interior_01.txt
[0006.18] DevDlc: Caching file: WwiseDefaultBank_Amb_Labo/..\..\OLGame\CookedPCConsoleDLC\WwiseDefaultBank_Amb_Labo.bnk
[0006.18] DevDlc: Caching file: WwiseDefaultBank_Amb_Labo/..\..\OLGame\CookedPCConsoleDLC\WwiseDefaultBank_Amb_Labo.txt
[0006.18] DevDlc: Caching file: WwiseDefaultBank_Amb_Male_Ward/..\..\OLGame\CookedPCConsoleDLC\WwiseDefaultBank_Amb_Male_Ward.bnk
[0006.18] DevDlc: Caching file: WwiseDefaultBank_Amb_Male_Ward/..\..\OLGame\CookedPCConsoleDLC\WwiseDefaultBank_Amb_Male_Ward.txt
[0006.18] DevDlc: Caching file: WwiseDefaultBank_Amb_Prison_01/..\..\OLGame\CookedPCConsoleDLC\WwiseDefaultBank_Amb_Prison_01.bnk
[0006.18] DevDlc: Caching file: WwiseDefaultBank_Amb_Prison_01/..\..\OLGame\CookedPCConsoleDLC\WwiseDefaultBank_Amb_Prison_01.txt
[0006.18] DevDlc: Caching file: WwiseDefaultBank_Amb_Sewer/..\..\OLGame\CookedPCConsoleDLC\WwiseDefaultBank_Amb_Sewer.bnk
[0006.18] DevDlc: Caching file: WwiseDefaultBank_Amb_Sewer/..\..\OLGame\CookedPCConsoleDLC\WwiseDefaultBank_Amb_Sewer.txt
[0006.18] DevDlc: Caching file: WwiseDefaultBank_DLC_AMB_Attic/..\..\OLGame\CookedPCConsoleDLC\WwiseDefaultBank_DLC_AMB_Attic.bnk
[0006.18] DevDlc: Caching file: WwiseDefaultBank_DLC_AMB_Attic/..\..\OLGame\CookedPCConsoleDLC\WwiseDefaultBank_DLC_AMB_Attic.txt
[0006.18] DevDlc: Caching file: WwiseDefaultBank_DLC_AMB_Build1/..\..\OLGame\CookedPCConsoleDLC\WwiseDefaultBank_DLC_AMB_Build1.bnk
[0006.18] DevDlc: Caching file: WwiseDefaultBank_DLC_AMB_Build1/..\..\OLGame\CookedPCConsoleDLC\WwiseDefaultBank_DLC_AMB_Build1.txt
[0006.18] DevDlc: Caching file: WwiseDefaultBank_DLC_AMB_Build2/..\..\OLGame\CookedPCConsoleDLC\WwiseDefaultBank_DLC_AMB_Build2.bnk
[0006.18] DevDlc: Caching file: WwiseDefaultBank_DLC_AMB_Build2/..\..\OLGame\CookedPCConsoleDLC\WwiseDefaultBank_DLC_AMB_Build2.txt
[0006.18] DevDlc: Caching file: WwiseDefaultBank_DLC_AMB_Ext/..\..\OLGame\CookedPCConsoleDLC\WwiseDefaultBank_DLC_AMB_Ext.bnk
[0006.18] DevDlc: Caching file: WwiseDefaultBank_DLC_AMB_Ext/..\..\OLGame\CookedPCConsoleDLC\WwiseDefaultBank_DLC_AMB_Ext.txt
[0006.18] DevDlc: Caching file: WwiseDefaultBank_DLC_AMB_Lab/..\..\OLGame\CookedPCConsoleDLC\WwiseDefaultBank_DLC_AMB_Lab.bnk
[0006.18] DevDlc: Caching file: WwiseDefaultBank_DLC_AMB_Lab/..\..\OLGame\CookedPCConsoleDLC\WwiseDefaultBank_DLC_AMB_Lab.txt
[0006.18] DevDlc: Caching file: WwiseDefaultBank_DLC_CIN_AdminRev/..\..\OLGame\CookedPCConsoleDLC\WwiseDefaultBank_DLC_CIN_AdminRev.bnk
[0006.18] DevDlc: Caching file: WwiseDefaultBank_DLC_CIN_AdminRev/..\..\OLGame\CookedPCConsoleDLC\WwiseDefaultBank_DLC_CIN_AdminRev.txt
[0006.18] DevDlc: Caching file: WwiseDefaultBank_DLC_CIN_Build1/..\..\OLGame\CookedPCConsoleDLC\WwiseDefaultBank_DLC_CIN_Build1.bnk
[0006.18] DevDlc: Caching file: WwiseDefaultBank_DLC_CIN_Build1/..\..\OLGame\CookedPCConsoleDLC\WwiseDefaultBank_DLC_CIN_Build1.txt
[0006.18] DevDlc: Caching file: WwiseDefaultBank_DLC_CIN_Build2/..\..\OLGame\CookedPCConsoleDLC\WwiseDefaultBank_DLC_CIN_Build2.bnk
[0006.18] DevDlc: Caching file: WwiseDefaultBank_DLC_CIN_Build2/..\..\OLGame\CookedPCConsoleDLC\WwiseDefaultBank_DLC_CIN_Build2.txt
[0006.18] DevDlc: Caching file: WwiseDefaultBank_DLC_CIN_Lab/..\..\OLGame\CookedPCConsoleDLC\WwiseDefaultBank_DLC_CIN_Lab.bnk
[0006.18] DevDlc: Caching file: WwiseDefaultBank_DLC_CIN_Lab/..\..\OLGame\CookedPCConsoleDLC\WwiseDefaultBank_DLC_CIN_Lab.txt
[0006.18] DevDlc: Caching file: WwiseDefaultBank_DLC_CIN_Prison/..\..\OLGame\CookedPCConsoleDLC\WwiseDefaultBank_DLC_CIN_Prison.bnk
[0006.18] DevDlc: Caching file: WwiseDefaultBank_DLC_CIN_Prison/..\..\OLGame\CookedPCConsoleDLC\WwiseDefaultBank_DLC_CIN_Prison.txt
[0006.18] DevDlc: Caching file: WwiseDefaultBank_DLC_SFX_build1/..\..\OLGame\CookedPCConsoleDLC\WwiseDefaultBank_DLC_SFX_build1.bnk
[0006.18] DevDlc: Caching file: WwiseDefaultBank_DLC_SFX_build1/..\..\OLGame\CookedPCConsoleDLC\WwiseDefaultBank_DLC_SFX_build1.txt
[0006.18] DevDlc: Caching file: WwiseDefaultBank_DLC_SFX_Can/..\..\OLGame\CookedPCConsoleDLC\WwiseDefaultBank_DLC_SFX_Can.bnk
[0006.18] DevDlc: Caching file: WwiseDefaultBank_DLC_SFX_Can/..\..\OLGame\CookedPCConsoleDLC\WwiseDefaultBank_DLC_SFX_Can.txt
[0006.18] DevDlc: Caching file: WwiseDefaultBank_DLC_SFX_generic/..\..\OLGame\CookedPCConsoleDLC\WwiseDefaultBank_DLC_SFX_generic.bnk
[0006.18] DevDlc: Caching file: WwiseDefaultBank_DLC_SFX_generic/..\..\OLGame\CookedPCConsoleDLC\WwiseDefaultBank_DLC_SFX_generic.txt
[0006.18] DevDlc: Caching file: WwiseDefaultBank_DLC_SFX_Impacts/..\..\OLGame\CookedPCConsoleDLC\WwiseDefaultBank_DLC_SFX_Impacts.bnk
[0006.18] DevDlc: Caching file: WwiseDefaultBank_DLC_SFX_Impacts/..\..\OLGame\CookedPCConsoleDLC\WwiseDefaultBank_DLC_SFX_Impacts.txt
[0006.18] DevDlc: Caching file: WwiseDefaultBank_DLC_VO_AI_Cannibal_Build1/..\..\OLGame\CookedPCConsoleDLC\WwiseDefaultBank_DLC_VO_AI_Cannibal_Build1.bnk
[0006.18] DevDlc: Caching file: WwiseDefaultBank_DLC_VO_AI_Cannibal_Build1/..\..\OLGame\CookedPCConsoleDLC\WwiseDefaultBank_DLC_VO_AI_Cannibal_Build1.txt
[0006.18] DevDlc: Caching file: WwiseDefaultBank_General_Sound/..\..\OLGame\CookedPCConsoleDLC\WwiseDefaultBank_General_Sound.bnk
[0006.18] DevDlc: Caching file: WwiseDefaultBank_General_Sound/..\..\OLGame\CookedPCConsoleDLC\WwiseDefaultBank_General_Sound.txt
[0006.18] DevDlc: Caching file: WwiseDefaultBank_Intro_Logo/..\..\OLGame\CookedPCConsoleDLC\WwiseDefaultBank_Intro_Logo.bnk
[0006.18] DevDlc: Caching file: WwiseDefaultBank_Intro_Logo/..\..\OLGame\CookedPCConsoleDLC\WwiseDefaultBank_Intro_Logo.txt
[0006.18] DevDlc: Caching file: WwiseDefaultBank_Menu/..\..\OLGame\CookedPCConsoleDLC\WwiseDefaultBank_Menu.bnk
[0006.18] DevDlc: Caching file: WwiseDefaultBank_Menu/..\..\OLGame\CookedPCConsoleDLC\WwiseDefaultBank_Menu.txt
[0006.18] DevDlc: Caching file: WwiseDefaultBank_Music_Admin_Revisit/..\..\OLGame\CookedPCConsoleDLC\WwiseDefaultBank_Music_Admin_Revisit.bnk
[0006.18] DevDlc: Caching file: WwiseDefaultBank_Music_Admin_Revisit/..\..\OLGame\CookedPCConsoleDLC\WwiseDefaultBank_Music_Admin_Revisit.txt
[0006.18] DevDlc: Caching file: WwiseDefaultBank_Music_Courtyard/..\..\OLGame\CookedPCConsoleDLC\WwiseDefaultBank_Music_Courtyard.bnk
[0006.18] DevDlc: Caching file: WwiseDefaultBank_Music_Courtyard/..\..\OLGame\CookedPCConsoleDLC\WwiseDefaultBank_Music_Courtyard.txt
[0006.18] DevDlc: Caching file: WwiseDefaultBank_Music_Exterior/..\..\OLGame\CookedPCConsoleDLC\WwiseDefaultBank_Music_Exterior.bnk
[0006.18] DevDlc: Caching file: WwiseDefaultBank_Music_Exterior/..\..\OLGame\CookedPCConsoleDLC\WwiseDefaultBank_Music_Exterior.txt
[0006.18] DevDlc: Caching file: WwiseDefaultBank_Music_FemaleWard/..\..\OLGame\CookedPCConsoleDLC\WwiseDefaultBank_Music_FemaleWard.bnk
[0006.18] DevDlc: Caching file: WwiseDefaultBank_Music_FemaleWard/..\..\OLGame\CookedPCConsoleDLC\WwiseDefaultBank_Music_FemaleWard.txt
[0006.18] DevDlc: Caching file: WwiseDefaultBank_Music_Interior/..\..\OLGame\CookedPCConsoleDLC\WwiseDefaultBank_Music_Interior.bnk
[0006.18] DevDlc: Caching file: WwiseDefaultBank_Music_Interior/..\..\OLGame\CookedPCConsoleDLC\WwiseDefaultBank_Music_Interior.txt
[0006.18] DevDlc: Caching file: WwiseDefaultBank_Music_Labo/..\..\OLGame\CookedPCConsoleDLC\WwiseDefaultBank_Music_Labo.bnk
[0006.18] DevDlc: Caching file: WwiseDefaultBank_Music_Labo/..\..\OLGame\CookedPCConsoleDLC\WwiseDefaultBank_Music_Labo.txt
[0006.18] DevDlc: Caching file: WwiseDefaultBank_Music_MaleWard/..\..\OLGame\CookedPCConsoleDLC\WwiseDefaultBank_Music_MaleWard.bnk
[0006.18] DevDlc: Caching file: WwiseDefaultBank_Music_MaleWard/..\..\OLGame\CookedPCConsoleDLC\WwiseDefaultBank_Music_MaleWard.txt
[0006.18] DevDlc: Caching file: WwiseDefaultBank_Music_Prison/..\..\OLGame\CookedPCConsoleDLC\WwiseDefaultBank_Music_Prison.bnk
[0006.18] DevDlc: Caching file: WwiseDefaultBank_Music_Prison/..\..\OLGame\CookedPCConsoleDLC\WwiseDefaultBank_Music_Prison.txt
[0006.18] DevDlc: Caching file: WwiseDefaultBank_Music_Sewer/..\..\OLGame\CookedPCConsoleDLC\WwiseDefaultBank_Music_Sewer.bnk
[0006.18] DevDlc: Caching file: WwiseDefaultBank_Music_Sewer/..\..\OLGame\CookedPCConsoleDLC\WwiseDefaultBank_Music_Sewer.txt
[0006.18] DevDlc: Caching file: WwiseDefaultBank_NPCs_Sounds/..\..\OLGame\CookedPCConsoleDLC\WwiseDefaultBank_NPCs_Sounds.bnk
[0006.18] DevDlc: Caching file: WwiseDefaultBank_NPCs_Sounds/..\..\OLGame\CookedPCConsoleDLC\WwiseDefaultBank_NPCs_Sounds.txt
[0006.18] DevDlc: Caching file: WwiseDefaultBank_Player_Sound/..\..\OLGame\CookedPCConsoleDLC\WwiseDefaultBank_Player_Sound.bnk
[0006.18] DevDlc: Caching file: WwiseDefaultBank_Player_Sound/..\..\OLGame\CookedPCConsoleDLC\WwiseDefaultBank_Player_Sound.txt
[0006.18] DevDlc: Caching file: WwiseDefaultBank_Reverb/..\..\OLGame\CookedPCConsoleDLC\WwiseDefaultBank_Reverb.bnk
[0006.18] DevDlc: Caching file: WwiseDefaultBank_Reverb/..\..\OLGame\CookedPCConsoleDLC\WwiseDefaultBank_Reverb.txt
[0006.18] DevDlc: Caching file: WwiseDefaultBank_SFX/..\..\OLGame\CookedPCConsoleDLC\WwiseDefaultBank_SFX.bnk
[0006.18] DevDlc: Caching file: WwiseDefaultBank_SFX/..\..\OLGame\CookedPCConsoleDLC\WwiseDefaultBank_SFX.txt
[0006.18] DevDlc: Caching file: WwiseDefaultBank_Soldier_Snd/..\..\OLGame\CookedPCConsoleDLC\WwiseDefaultBank_Soldier_Snd.bnk
[0006.18] DevDlc: Caching file: WwiseDefaultBank_Soldier_Snd/..\..\OLGame\CookedPCConsoleDLC\WwiseDefaultBank_Soldier_Snd.txt
[0006.18] DevDlc: Caching file: WwiseDefaultBank_Swarm_Sound/..\..\OLGame\CookedPCConsoleDLC\WwiseDefaultBank_Swarm_Sound.bnk
[0006.18] DevDlc: Caching file: WwiseDefaultBank_Swarm_Sound/..\..\OLGame\CookedPCConsoleDLC\WwiseDefaultBank_Swarm_Sound.txt
[0006.18] DevDlc: Caching file: WwiseDefaultBank_VO_Miles/..\..\OLGame\CookedPCConsoleDLC\WwiseDefaultBank_VO_Miles.bnk
[0006.18] DevDlc: Caching file: WwiseDefaultBank_VO_Miles/..\..\OLGame\CookedPCConsoleDLC\WwiseDefaultBank_VO_Miles.txt
[0006.18] Log: DLC installed successfully
[0006.18] Log: LoadMap: DLC_Intro_Persistent?Name=Player?Team=255
[0006.21] Log: Game class is 'OLGame'
[0006.24] Log: Primary PhysX scene will be in software.
[0006.24] Log: Creating Primary PhysX Scene.
[0006.26] Log: *** WARNING - PATHS MAY NOT BE VALID ***
[0006.26] Log: Bringing World DLC_Intro_Persistent.TheWorld up for play (0) at 2024.08.03-21.31.20
[0006.26] Log: Bringing up level for play took: 0.036955
[0006.28] Log: Playing DLC - invalid checkpoint but DLC persistent
[0006.29] Error: Can't start an online game that hasn't been created
[0006.37] Error: StartLocalVoiceProcessing(): Device is currently owned by another user
[0006.37] Log: ########### Finished loading level: 0.190302 seconds
[0006.37] Log: Flushing async loaders.
[0006.42] Log: Flushed async loaders.
[0006.42] Log: Initializing Engine Completed
[0016.59] Log: >>>>>>>>>>>>>> Initial startup: 16.59s <<<<<<<<<<<<<<<
[0016.61] Log: ActivateLevel dlc_mainmenugame 1 1 1
[0016.61] Log: ### Applying resolution 1280 x 720 (Fullscreen: yes)
[0016.67] Log: Flushing async loaders.
[0016.70] Log: Flushed async loaders.
[0016.70] Log:  ### --- Resetting level dlc_checkpoints
[0016.70] Log:  ### --- Resetting level x_checkpoints
[0016.71] Log: No Cached BSP Physics Data Found Or Out Of Date - Cooking Now.
[0016.71] Log: COOKEDPHYSICS: BSP 0.00 KB
[0016.71] Log:  ### --- Resetting level dlc_mainmenugame
[0017.05] Log: Resizing to 1280x720 (fullscreen)
[0017.67] Log: ### UpdateProfileFromSystemSettings - Current resolution is SR_1280x720 (1280 x 720, fullscreen: yes)
[0017.73] Warning: Warning, Failed to load 'Font None.Times New Roman': Failed to find object 'Font None.Times New Roman'
[0017.73] Warning: Warning, Failed to load 'Font None.Times New Roman': Failed to find object 'Font None.Times New Roman'
[0038.85] Log: ### Applying resolution 1280 x 720 (Fullscreen: yes)
[0039.62] Log: --- LOADING CHECKPOINT "Female_2ndfloorChute" ---
[0039.62] DevGameState: Resetting GameState
[0039.62] DevGameState: GS - Activating BasementOpen (apply now: 0)
[0039.62] DevGameState: GS - Activating MaleWard_Pushable1_persist (apply now: 0)
[0039.62] Log: Starting at checkpoint "Female_2ndfloorChute" - DLC: no
[0039.62] Log: --- LOADING MOVIE START ---
[0039.63] Log: Starting at checkpoint "Female_2ndfloorChute" - DLC: no
[0039.64] Log: Flushing async loaders.
[0039.65] Warning: Warning, Failed to compile Material Instance Asylum_post_process.PostUber.PostUberNoise with Base DefaultMaterial for platform PC-D3D-SM3, Default Material will be used in game.
[0039.65] Log: Flushed async loaders.
[0039.65] Log:  ### --- Resetting level female_persistent
[0039.66] Log: Committed map change via OLEngine Transient.OLEngine_0
[0039.72] Log: Flushing async loaders.
[0041.15] Log: Flushed async loaders.
[0041.17] Log: Warning (OLPushableObject_1) just tried to register itself with the navmesh, but it already was!  You must first unregister before re-registering an object
[0041.17] Log: Warning (OLPushableObject_3) just tried to register itself with the navmesh, but it already was!  You must first unregister before re-registering an object
[0041.18] Log:  ### --- Resetting level femaleward_floor2-ld
[0041.19] Log:  ### --- Resetting level femaleward_snd
[0041.20] Log:  ### --- Resetting level femaleward_floor-03c
[0041.21] Log:  ### --- Resetting level femaleward_floor-02a
[0041.21] Log:  ### --- Resetting level femaleward_floor-02b
[0042.23] DevGameState: GS - Applying checkpoint Female_2ndfloorChute
[0042.23] Log: New master gamestate list found.
[0042.23] Log: New master checkpoint list found.
[0042.23] DevGameState:  ... [0] Activating BasementOpen (>= Admin_SecurityRoom)
[0042.23] DevGameState: GS - Triggering ApplyGameState for SecondFloorLaundryPanelReady with OFF
[0042.23] DevGameState: GS - Triggering ApplyGameState for SecondFloorLaundryPanelOn with OFF
[0042.23] Log: Flushing async loaders.
[0042.42] Log: Flushed async loaders.
[0042.42] Log: WARNING: Cooking Convex For Actor: central_courtyard_01-ld.TheWorld:PersistentLevel.OLDoor_4 Component: StaticMeshComponent_9 StaticMesh: Door_DLC.Door_Fence01_R (Scale: 1.000000 1.000000 1.000000) Please go and set PreCachedPhysScale on the mesh to have this scale for RunTime spawned objects.
[0042.43] Log:  ### --- Resetting level central_courtyard_01-ld
[0042.43] Log:  ### --- Resetting level central_courtyard_snd
[0042.43] Log:  ### --- Resetting level skydome_courtyard
[0042.45] Log: Physics mode for (SkeletalMeshActor_12) is not compatible with TickGroup(0) adjusting
[0042.45] Log:  ### --- Resetting level central_courtyard_01-art
[0042.45] Log: !!!!!!!!!!!!!!!!!!!!!!!!!!   CPU skinned central_courtyard_01b-art.TheWorld:PersistentLevel.SkeletalMeshActor_18.SkeletalMeshComponent_4 Cloth.Cloth 1 0 1 0
[0042.45] Log: !!!!!!!!!!!!!!!!!!!!!!!!!!   CPU skinned central_courtyard_01b-art.TheWorld:PersistentLevel.SkeletalMeshActor_18.SkeletalMeshComponent_4 Cloth.Cloth 1 0 1 0
[0042.46] Log:  ### --- Resetting level central_courtyard_01b-art
[0044.54] Log: --- LOADING MOVIE TIME: 4.92 sec ---
[0046.93] Log: ### UpdateProfileFromSystemSettings - Current resolution is SR_1280x720 (1280 x 720, fullscreen: yes)
[0046.95] ScriptWarning: Accessed None 'ButtonBar'
	OLUIFrontEnd_PauseMenu DLC_Intro_Persistent.TheWorld:PersistentLevel.OLHUD_0.OLUIFrontEnd_1.OLUIFrontEnd_PauseMenu_1
	Function OLGame.OLUIFrontEnd_PauseMenu:PopulateButtons:0400
[0046.95] ScriptWarning: Accessed None 'ButtonBar'
	OLUIFrontEnd_PauseMenu DLC_Intro_Persistent.TheWorld:PersistentLevel.OLHUD_0.OLUIFrontEnd_1.OLUIFrontEnd_PauseMenu_1
	Function OLGame.OLUIFrontEnd_PauseMenu:PopulateButtons:0436
[0046.96] Warning: Warning, Failed to load 'Font None.Times New Roman': Failed to find object 'Font None.Times New Roman'
[0046.96] Warning: Warning, Failed to load 'Font None.Times New Roman': Failed to find object 'Font None.Times New Roman'
[0052.40] Log: --- SAVING CHECKPOINT "Female_2ndfloorChute" ---
[0052.40] DevGameState: Resetting GameState
[0052.40] DevGameState:  ... [0] BasementOpen
[0052.40] DevGameState:  ... [2] MaleWard_Pushable1_persist
[0052.41] Log: LoadMap: DLC_Intro_Persistent?Name=Player?Team=255
[0052.41] Log: --- LOADING MOVIE START ---
[0052.55] Log: Game class is 'OLGame'
[0052.57] Log: Primary PhysX scene will be in software.
[0052.57] Log: Creating Primary PhysX Scene.
[0052.57] Log: *** WARNING - PATHS MAY NOT BE VALID ***
[0052.57] Log: Bringing World DLC_Intro_Persistent.TheWorld up for play (0) at 2024.08.03-21.32.06
[0052.57] Log: Bringing up level for play took: 0.026958
[0052.58] Log: Playing DLC - invalid checkpoint but DLC persistent
[0052.89] Log: Reloaded all WWise Banks for DLC
[0052.90] Error: Can't start an online game that hasn't been created
[0052.90] Error: StartLocalVoiceProcessing(): Device is currently owned by another user
[0052.90] Log: ########### Finished loading level: 0.493854 seconds
[0052.90] Log: Flushing async loaders.
[0052.91] Log: Flushed async loaders.
[0052.91] Log: ActivateLevel dlc_mainmenugame 1 1 1
[0052.91] Log: ### Applying resolution 1280 x 720 (Fullscreen: yes)
[0052.93] Log: Flushing async loaders.
[0052.95] Log: Flushed async loaders.
[0052.95] Log:  ### --- Resetting level dlc_checkpoints
[0052.96] Log:  ### --- Resetting level x_checkpoints
[0052.96] Log: No Cached BSP Physics Data Found Or Out Of Date - Cooking Now.
[0052.96] Log: COOKEDPHYSICS: BSP 0.00 KB
[0052.96] Log:  ### --- Resetting level dlc_mainmenugame
[0053.24] Log: ### UpdateProfileFromSystemSettings - Current resolution is SR_1280x720 (1280 x 720, fullscreen: yes)
[0053.29] Warning: Warning, Failed to load 'Font None.Times New Roman': Failed to find object 'Font None.Times New Roman'
[0053.29] Warning: Warning, Failed to load 'Font None.Times New Roman': Failed to find object 'Font None.Times New Roman'
[0053.45] Log: --- LOADING MOVIE TIME: 1.03 sec ---
[0055.51] DevGameState: Resetting GameState
[0059.79] DevGameState: Resetting GameState
[0059.79] Log: Starting at checkpoint "StartGame" - DLC: no
[0059.90] Log: Reloaded all WWise Banks for Main Game
[0059.91] Log: --- LOADING MOVIE START ---
[0059.91] Log: --- SAVING CHECKPOINT "StartGame" ---
[0059.92] Log: Flushing async loaders.
[0059.92] Warning: Warning, Failed to compile Material Instance Asylum_post_process.PostUber.PostUberNoise with Base DefaultMaterial for platform PC-D3D-SM3, Default Material will be used in game.
[0059.92] Log: Flushed async loaders.
[0059.93] Log:  ### --- Resetting level adminblock_persistent
[0059.93] Log:  ### --- Resetting level x_checkpoints
[0059.94] Log: Committed map change via OLEngine Transient.OLEngine_0
[0059.99] Log: Flushing async loaders.
[0061.41] Log: Flushed async loaders.
[0061.42] Log:  ### --- Resetting level skydome_dawn
[0061.42] Log:  ### --- Resetting level asylum_exterior-art
[0061.43] Log:  ### --- Resetting level asylum_exterior-01d
[0061.43] Log:  ### --- Resetting level asylum_exterior-01e
[0061.43] Log: Physics mode for (SkeletalMeshActor_6) is not compatible with TickGroup(0) adjusting
[0061.43] Log:  ### --- Resetting level asylum_exterior-ld
[0061.43] Log:  ### --- Resetting level asylum_exterior_snd
[0062.44] DevGameState: GS - Applying checkpoint StartGame
[0062.44] Log: New master gamestate list found.
[0062.44] Log: New master checkpoint list found.
[0064.44] Log: KISMET: Remote event Car_Ride activated for 2 recipients
[0064.65] Log:  ### --- Resetting level asylum_exterior-01c
[0065.29] Log: KISMET: Remote event Car_Ride activated for 2 recipients
[0065.30] Log: --- LOADING MOVIE TIME: 5.39 sec ---
[0067.99] Log: ### UpdateProfileFromSystemSettings - Current resolution is SR_1280x720 (1280 x 720, fullscreen: yes)
[0068.02] ScriptWarning: Accessed None 'ButtonBar'
	OLUIFrontEnd_PauseMenu DLC_Intro_Persistent.TheWorld:PersistentLevel.OLHUD_1.OLUIFrontEnd_3.OLUIFrontEnd_PauseMenu_3
	Function OLGame.OLUIFrontEnd_PauseMenu:PopulateButtons:0400
[0068.02] ScriptWarning: Accessed None 'ButtonBar'
	OLUIFrontEnd_PauseMenu DLC_Intro_Persistent.TheWorld:PersistentLevel.OLHUD_1.OLUIFrontEnd_3.OLUIFrontEnd_PauseMenu_3
	Function OLGame.OLUIFrontEnd_PauseMenu:PopulateButtons:0436
[0068.02] Warning: Warning, Failed to load 'Font None.Times New Roman': Failed to find object 'Font None.Times New Roman'
[0068.02] Warning: Warning, Failed to load 'Font None.Times New Roman': Failed to find object 'Font None.Times New Roman'
[0068.78] Log: ### UpdateProfileFromSystemSettings - Current resolution is SR_1280x720 (1280 x 720, fullscreen: yes)
[0068.80] ScriptWarning: Accessed None 'ButtonBar'
	OLUIFrontEnd_PauseMenu DLC_Intro_Persistent.TheWorld:PersistentLevel.OLHUD_1.OLUIFrontEnd_4.OLUIFrontEnd_PauseMenu_4
	Function OLGame.OLUIFrontEnd_PauseMenu:PopulateButtons:0400
[0068.80] ScriptWarning: Accessed None 'ButtonBar'
	OLUIFrontEnd_PauseMenu DLC_Intro_Persistent.TheWorld:PersistentLevel.OLHUD_1.OLUIFrontEnd_4.OLUIFrontEnd_PauseMenu_4
	Function OLGame.OLUIFrontEnd_PauseMenu:PopulateButtons:0436
[0068.81] Warning: Warning, Failed to load 'Font None.Times New Roman': Failed to find object 'Font None.Times New Roman'
[0068.81] Warning: Warning, Failed to load 'Font None.Times New Roman': Failed to find object 'Font None.Times New Roman'
[0069.42] Log: ### UpdateProfileFromSystemSettings - Current resolution is SR_1280x720 (1280 x 720, fullscreen: yes)
[0069.44] ScriptWarning: Accessed None 'ButtonBar'
	OLUIFrontEnd_PauseMenu DLC_Intro_Persistent.TheWorld:PersistentLevel.OLHUD_1.OLUIFrontEnd_5.OLUIFrontEnd_PauseMenu_5
	Function OLGame.OLUIFrontEnd_PauseMenu:PopulateButtons:0400
[0069.44] ScriptWarning: Accessed None 'ButtonBar'
	OLUIFrontEnd_PauseMenu DLC_Intro_Persistent.TheWorld:PersistentLevel.OLHUD_1.OLUIFrontEnd_5.OLUIFrontEnd_PauseMenu_5
	Function OLGame.OLUIFrontEnd_PauseMenu:PopulateButtons:0436
[0069.44] Warning: Warning, Failed to load 'Font None.Times New Roman': Failed to find object 'Font None.Times New Roman'
[0069.44] Warning: Warning, Failed to load 'Font None.Times New Roman': Failed to find object 'Font None.Times New Roman'
[0072.16] DevGameState: Resetting GameState
[0072.17] Log: LoadMap: DLC_Intro_Persistent?Name=Player?Team=255
[0072.17] Log: --- LOADING MOVIE START ---
[0072.28] Log: Game class is 'OLGame'
[0072.29] Log: Primary PhysX scene will be in software.
[0072.29] Log: Creating Primary PhysX Scene.
[0072.29] Log: *** WARNING - PATHS MAY NOT BE VALID ***
[0072.29] Log: Bringing World DLC_Intro_Persistent.TheWorld up for play (0) at 2024.08.03-21.32.26
[0072.29] Log: Bringing up level for play took: 0.007945
[0072.30] Log: Playing DLC - invalid checkpoint but DLC persistent
[0072.41] Log: Reloaded all WWise Banks for DLC
[0072.41] Error: Can't start an online game that hasn't been created
[0072.42] Error: StartLocalVoiceProcessing(): Device is currently owned by another user
[0072.42] Log: ########### Finished loading level: 0.248502 seconds
[0072.42] Log: Flushing async loaders.
[0072.42] Log: Flushed async loaders.
[0072.43] Log: ActivateLevel dlc_mainmenugame 1 1 1
[0072.43] Log: ### Applying resolution 1280 x 720 (Fullscreen: yes)
[0072.44] Log: Flushing async loaders.
[0072.46] Log: Flushed async loaders.
[0072.46] Log:  ### --- Resetting level dlc_checkpoints
[0072.46] Log:  ### --- Resetting level x_checkpoints
[0072.46] Log: No Cached BSP Physics Data Found Or Out Of Date - Cooking Now.
[0072.46] Log: COOKEDPHYSICS: BSP 0.00 KB
[0072.46] Log:  ### --- Resetting level dlc_mainmenugame
[0072.71] Log: ### UpdateProfileFromSystemSettings - Current resolution is SR_1280x720 (1280 x 720, fullscreen: yes)
[0072.75] Warning: Warning, Failed to load 'Font None.Times New Roman': Failed to find object 'Font None.Times New Roman'
[0072.75] Warning: Warning, Failed to load 'Font None.Times New Roman': Failed to find object 'Font None.Times New Roman'
[0072.94] Log: --- LOADING MOVIE TIME: 767 ms ---
[0076.08] Log: Closing by request
[0076.08] Log: appRequestExit(0)
[0076.11] Exit: Preparing to exit.
[0076.17] Exit: Game engine shut down
[0076.38] Exit: Windows client shut down
[0076.39] Exit: XAudio2 Device shut down.
[0076.41] Exit: AK Audio shut down.
[0076.77] Exit: Object subsystem successfully closed.
[0076.87] Log: Shutting down FaceFX...
[0076.87] Log: FaceFX shutdown.
[0076.94] Exit: Exiting.
[0076.95] Log: Log file closed, 08/03/24 21:32:30
